Libs imported
Model is Loading
Restoring ema vae from /home/rothermm/brain-diffuser/vdvae/model/imagenet64-iter-1600000-model-ema.th
0
30
60
90
120
150
180
210
240
270
300
330
360
390
420
450
480
510
540
570
600
630
660
690
720
750
780
810
840
870
900
930
960
emonet a=-4: processing indices 029
/home/rothermm/brain-diffuser/scripts/analysis/vdvae_reconstruct_images_thetas.py:209: DeprecationWarning: BILINEAR is deprecated and will be removed in Pillow 10 (2023-07-01). Use Resampling.BILINEAR instead.
  pil = pil.resize((512, 512), resample=Image.BILINEAR)
emonet a=-4: processing indices 3059
emonet a=-4: processing indices 6089
emonet a=-4: processing indices 90119
emonet a=-4: processing indices 120149
emonet a=-4: processing indices 150179
emonet a=-4: processing indices 180209
emonet a=-4: processing indices 210239
emonet a=-4: processing indices 240269
emonet a=-4: processing indices 270299
emonet a=-4: processing indices 300329
emonet a=-4: processing indices 330359
emonet a=-4: processing indices 360389
emonet a=-4: processing indices 390419
emonet a=-4: processing indices 420449
emonet a=-4: processing indices 450479
emonet a=-4: processing indices 480509
emonet a=-4: processing indices 510539
emonet a=-4: processing indices 540569
emonet a=-4: processing indices 570599
emonet a=-4: processing indices 600629
emonet a=-4: processing indices 630659
emonet a=-4: processing indices 660689
emonet a=-4: processing indices 690719
emonet a=-4: processing indices 720749
emonet a=-4: processing indices 750779
emonet a=-4: processing indices 780809
emonet a=-4: processing indices 810839
emonet a=-4: processing indices 840869
emonet a=-4: processing indices 870899
emonet a=-4: processing indices 900929
emonet a=-4: processing indices 930959
emonet a=-4: processing indices 960981
Done reconstructing emonet at a=-4 for subj2
emonet a=-3: processing indices 029
emonet a=-3: processing indices 3059
emonet a=-3: processing indices 6089
emonet a=-3: processing indices 90119
emonet a=-3: processing indices 120149
emonet a=-3: processing indices 150179
emonet a=-3: processing indices 180209
emonet a=-3: processing indices 210239
emonet a=-3: processing indices 240269
emonet a=-3: processing indices 270299
emonet a=-3: processing indices 300329
emonet a=-3: processing indices 330359
emonet a=-3: processing indices 360389
emonet a=-3: processing indices 390419
emonet a=-3: processing indices 420449
emonet a=-3: processing indices 450479
emonet a=-3: processing indices 480509
emonet a=-3: processing indices 510539
emonet a=-3: processing indices 540569
emonet a=-3: processing indices 570599
emonet a=-3: processing indices 600629
emonet a=-3: processing indices 630659
emonet a=-3: processing indices 660689
emonet a=-3: processing indices 690719
emonet a=-3: processing indices 720749
emonet a=-3: processing indices 750779
emonet a=-3: processing indices 780809
emonet a=-3: processing indices 810839
emonet a=-3: processing indices 840869
emonet a=-3: processing indices 870899
emonet a=-3: processing indices 900929
emonet a=-3: processing indices 930959
emonet a=-3: processing indices 960981
Done reconstructing emonet at a=-3 for subj2
emonet a=-2: processing indices 029
emonet a=-2: processing indices 3059
emonet a=-2: processing indices 6089
emonet a=-2: processing indices 90119
emonet a=-2: processing indices 120149
emonet a=-2: processing indices 150179
emonet a=-2: processing indices 180209
emonet a=-2: processing indices 210239
emonet a=-2: processing indices 240269
emonet a=-2: processing indices 270299
emonet a=-2: processing indices 300329
emonet a=-2: processing indices 330359
emonet a=-2: processing indices 360389
emonet a=-2: processing indices 390419
emonet a=-2: processing indices 420449
emonet a=-2: processing indices 450479
emonet a=-2: processing indices 480509
emonet a=-2: processing indices 510539
emonet a=-2: processing indices 540569
emonet a=-2: processing indices 570599
emonet a=-2: processing indices 600629
emonet a=-2: processing indices 630659
emonet a=-2: processing indices 660689
emonet a=-2: processing indices 690719
emonet a=-2: processing indices 720749
emonet a=-2: processing indices 750779
emonet a=-2: processing indices 780809
emonet a=-2: processing indices 810839
emonet a=-2: processing indices 840869
emonet a=-2: processing indices 870899
emonet a=-2: processing indices 900929
emonet a=-2: processing indices 930959
emonet a=-2: processing indices 960981
Done reconstructing emonet at a=-2 for subj2
emonet a=0: processing indices 029
emonet a=0: processing indices 3059
emonet a=0: processing indices 6089
emonet a=0: processing indices 90119
emonet a=0: processing indices 120149
emonet a=0: processing indices 150179
emonet a=0: processing indices 180209
emonet a=0: processing indices 210239
emonet a=0: processing indices 240269
emonet a=0: processing indices 270299
emonet a=0: processing indices 300329
emonet a=0: processing indices 330359
emonet a=0: processing indices 360389
emonet a=0: processing indices 390419
emonet a=0: processing indices 420449
emonet a=0: processing indices 450479
emonet a=0: processing indices 480509
emonet a=0: processing indices 510539
emonet a=0: processing indices 540569
emonet a=0: processing indices 570599
emonet a=0: processing indices 600629
emonet a=0: processing indices 630659
emonet a=0: processing indices 660689
emonet a=0: processing indices 690719
emonet a=0: processing indices 720749
emonet a=0: processing indices 750779
emonet a=0: processing indices 780809
emonet a=0: processing indices 810839
emonet a=0: processing indices 840869
emonet a=0: processing indices 870899
emonet a=0: processing indices 900929
emonet a=0: processing indices 930959
emonet a=0: processing indices 960981
Done reconstructing emonet at a=0 for subj2
emonet a=2: processing indices 029
emonet a=2: processing indices 3059
emonet a=2: processing indices 6089
emonet a=2: processing indices 90119
emonet a=2: processing indices 120149
emonet a=2: processing indices 150179
emonet a=2: processing indices 180209
emonet a=2: processing indices 210239
emonet a=2: processing indices 240269
emonet a=2: processing indices 270299
emonet a=2: processing indices 300329
emonet a=2: processing indices 330359
emonet a=2: processing indices 360389
emonet a=2: processing indices 390419
emonet a=2: processing indices 420449
emonet a=2: processing indices 450479
emonet a=2: processing indices 480509
emonet a=2: processing indices 510539
emonet a=2: processing indices 540569
emonet a=2: processing indices 570599
emonet a=2: processing indices 600629
emonet a=2: processing indices 630659
emonet a=2: processing indices 660689
emonet a=2: processing indices 690719
emonet a=2: processing indices 720749
emonet a=2: processing indices 750779
emonet a=2: processing indices 780809
emonet a=2: processing indices 810839
emonet a=2: processing indices 840869
emonet a=2: processing indices 870899
emonet a=2: processing indices 900929
emonet a=2: processing indices 930959
emonet a=2: processing indices 960981
Done reconstructing emonet at a=2 for subj2
emonet a=3: processing indices 029
emonet a=3: processing indices 3059
emonet a=3: processing indices 6089
emonet a=3: processing indices 90119
emonet a=3: processing indices 120149
emonet a=3: processing indices 150179
emonet a=3: processing indices 180209
emonet a=3: processing indices 210239
emonet a=3: processing indices 240269
emonet a=3: processing indices 270299
emonet a=3: processing indices 300329
emonet a=3: processing indices 330359
emonet a=3: processing indices 360389
emonet a=3: processing indices 390419
emonet a=3: processing indices 420449
emonet a=3: processing indices 450479
emonet a=3: processing indices 480509
emonet a=3: processing indices 510539
emonet a=3: processing indices 540569
emonet a=3: processing indices 570599
emonet a=3: processing indices 600629
emonet a=3: processing indices 630659
emonet a=3: processing indices 660689
emonet a=3: processing indices 690719
emonet a=3: processing indices 720749
emonet a=3: processing indices 750779
emonet a=3: processing indices 780809
emonet a=3: processing indices 810839
emonet a=3: processing indices 840869
emonet a=3: processing indices 870899
emonet a=3: processing indices 900929
emonet a=3: processing indices 930959
emonet a=3: processing indices 960981
Done reconstructing emonet at a=3 for subj2
emonet a=4: processing indices 029
emonet a=4: processing indices 3059
emonet a=4: processing indices 6089
emonet a=4: processing indices 90119
emonet a=4: processing indices 120149
emonet a=4: processing indices 150179
emonet a=4: processing indices 180209
emonet a=4: processing indices 210239
emonet a=4: processing indices 240269
emonet a=4: processing indices 270299
emonet a=4: processing indices 300329
emonet a=4: processing indices 330359
emonet a=4: processing indices 360389
emonet a=4: processing indices 390419
emonet a=4: processing indices 420449
emonet a=4: processing indices 450479
emonet a=4: processing indices 480509
emonet a=4: processing indices 510539
emonet a=4: processing indices 540569
emonet a=4: processing indices 570599
emonet a=4: processing indices 600629
emonet a=4: processing indices 630659
emonet a=4: processing indices 660689
emonet a=4: processing indices 690719
emonet a=4: processing indices 720749
emonet a=4: processing indices 750779
emonet a=4: processing indices 780809
emonet a=4: processing indices 810839
emonet a=4: processing indices 840869
emonet a=4: processing indices 870899
emonet a=4: processing indices 900929
emonet a=4: processing indices 930959
emonet a=4: processing indices 960981
Done reconstructing emonet at a=4 for subj2
memnet a=-4: processing indices 029
memnet a=-4: processing indices 3059
memnet a=-4: processing indices 6089
memnet a=-4: processing indices 90119
memnet a=-4: processing indices 120149
memnet a=-4: processing indices 150179
memnet a=-4: processing indices 180209
memnet a=-4: processing indices 210239
memnet a=-4: processing indices 240269
memnet a=-4: processing indices 270299
memnet a=-4: processing indices 300329
memnet a=-4: processing indices 330359
memnet a=-4: processing indices 360389
memnet a=-4: processing indices 390419
memnet a=-4: processing indices 420449
memnet a=-4: processing indices 450479
memnet a=-4: processing indices 480509
memnet a=-4: processing indices 510539
memnet a=-4: processing indices 540569
memnet a=-4: processing indices 570599
memnet a=-4: processing indices 600629
memnet a=-4: processing indices 630659
memnet a=-4: processing indices 660689
memnet a=-4: processing indices 690719
memnet a=-4: processing indices 720749
memnet a=-4: processing indices 750779
memnet a=-4: processing indices 780809
memnet a=-4: processing indices 810839
memnet a=-4: processing indices 840869
memnet a=-4: processing indices 870899
memnet a=-4: processing indices 900929
memnet a=-4: processing indices 930959
memnet a=-4: processing indices 960981
Done reconstructing memnet at a=-4 for subj2
memnet a=-3: processing indices 029
memnet a=-3: processing indices 3059
memnet a=-3: processing indices 6089
memnet a=-3: processing indices 90119
memnet a=-3: processing indices 120149
memnet a=-3: processing indices 150179
memnet a=-3: processing indices 180209
memnet a=-3: processing indices 210239
memnet a=-3: processing indices 240269
memnet a=-3: processing indices 270299
memnet a=-3: processing indices 300329
memnet a=-3: processing indices 330359
memnet a=-3: processing indices 360389
memnet a=-3: processing indices 390419
memnet a=-3: processing indices 420449
memnet a=-3: processing indices 450479
memnet a=-3: processing indices 480509
memnet a=-3: processing indices 510539
memnet a=-3: processing indices 540569
memnet a=-3: processing indices 570599
memnet a=-3: processing indices 600629
memnet a=-3: processing indices 630659
memnet a=-3: processing indices 660689
memnet a=-3: processing indices 690719
memnet a=-3: processing indices 720749
memnet a=-3: processing indices 750779
memnet a=-3: processing indices 780809
memnet a=-3: processing indices 810839
memnet a=-3: processing indices 840869
memnet a=-3: processing indices 870899
memnet a=-3: processing indices 900929
memnet a=-3: processing indices 930959
memnet a=-3: processing indices 960981
Done reconstructing memnet at a=-3 for subj2
memnet a=-2: processing indices 029
memnet a=-2: processing indices 3059
memnet a=-2: processing indices 6089
memnet a=-2: processing indices 90119
memnet a=-2: processing indices 120149
memnet a=-2: processing indices 150179
memnet a=-2: processing indices 180209
memnet a=-2: processing indices 210239
memnet a=-2: processing indices 240269
memnet a=-2: processing indices 270299
memnet a=-2: processing indices 300329
memnet a=-2: processing indices 330359
memnet a=-2: processing indices 360389
memnet a=-2: processing indices 390419
memnet a=-2: processing indices 420449
memnet a=-2: processing indices 450479
memnet a=-2: processing indices 480509
memnet a=-2: processing indices 510539
memnet a=-2: processing indices 540569
memnet a=-2: processing indices 570599
memnet a=-2: processing indices 600629
memnet a=-2: processing indices 630659
memnet a=-2: processing indices 660689
memnet a=-2: processing indices 690719
memnet a=-2: processing indices 720749
memnet a=-2: processing indices 750779
memnet a=-2: processing indices 780809
memnet a=-2: processing indices 810839
memnet a=-2: processing indices 840869
memnet a=-2: processing indices 870899
memnet a=-2: processing indices 900929
memnet a=-2: processing indices 930959
memnet a=-2: processing indices 960981
Done reconstructing memnet at a=-2 for subj2
memnet a=0: processing indices 029
memnet a=0: processing indices 3059
memnet a=0: processing indices 6089
memnet a=0: processing indices 90119
memnet a=0: processing indices 120149
memnet a=0: processing indices 150179
memnet a=0: processing indices 180209
memnet a=0: processing indices 210239
memnet a=0: processing indices 240269
memnet a=0: processing indices 270299
memnet a=0: processing indices 300329
memnet a=0: processing indices 330359
memnet a=0: processing indices 360389
memnet a=0: processing indices 390419
memnet a=0: processing indices 420449
memnet a=0: processing indices 450479
memnet a=0: processing indices 480509
memnet a=0: processing indices 510539
memnet a=0: processing indices 540569
memnet a=0: processing indices 570599
memnet a=0: processing indices 600629
memnet a=0: processing indices 630659
memnet a=0: processing indices 660689
memnet a=0: processing indices 690719
memnet a=0: processing indices 720749
memnet a=0: processing indices 750779
memnet a=0: processing indices 780809
memnet a=0: processing indices 810839
memnet a=0: processing indices 840869
memnet a=0: processing indices 870899
memnet a=0: processing indices 900929
memnet a=0: processing indices 930959
memnet a=0: processing indices 960981
Done reconstructing memnet at a=0 for subj2
memnet a=2: processing indices 029
memnet a=2: processing indices 3059
memnet a=2: processing indices 6089
memnet a=2: processing indices 90119
memnet a=2: processing indices 120149
memnet a=2: processing indices 150179
memnet a=2: processing indices 180209
memnet a=2: processing indices 210239
memnet a=2: processing indices 240269
memnet a=2: processing indices 270299
memnet a=2: processing indices 300329
memnet a=2: processing indices 330359
memnet a=2: processing indices 360389
memnet a=2: processing indices 390419
memnet a=2: processing indices 420449
memnet a=2: processing indices 450479
memnet a=2: processing indices 480509
memnet a=2: processing indices 510539
memnet a=2: processing indices 540569
memnet a=2: processing indices 570599
memnet a=2: processing indices 600629
memnet a=2: processing indices 630659
memnet a=2: processing indices 660689
memnet a=2: processing indices 690719
memnet a=2: processing indices 720749
memnet a=2: processing indices 750779
memnet a=2: processing indices 780809
memnet a=2: processing indices 810839
memnet a=2: processing indices 840869
memnet a=2: processing indices 870899
memnet a=2: processing indices 900929
memnet a=2: processing indices 930959
memnet a=2: processing indices 960981
Done reconstructing memnet at a=2 for subj2
memnet a=3: processing indices 029
memnet a=3: processing indices 3059
memnet a=3: processing indices 6089
memnet a=3: processing indices 90119
memnet a=3: processing indices 120149
memnet a=3: processing indices 150179
memnet a=3: processing indices 180209
memnet a=3: processing indices 210239
memnet a=3: processing indices 240269
memnet a=3: processing indices 270299
memnet a=3: processing indices 300329
memnet a=3: processing indices 330359
memnet a=3: processing indices 360389
memnet a=3: processing indices 390419
memnet a=3: processing indices 420449
memnet a=3: processing indices 450479
memnet a=3: processing indices 480509
memnet a=3: processing indices 510539
memnet a=3: processing indices 540569
memnet a=3: processing indices 570599
memnet a=3: processing indices 600629
memnet a=3: processing indices 630659
memnet a=3: processing indices 660689
memnet a=3: processing indices 690719
memnet a=3: processing indices 720749
memnet a=3: processing indices 750779
memnet a=3: processing indices 780809
memnet a=3: processing indices 810839
memnet a=3: processing indices 840869
memnet a=3: processing indices 870899
memnet a=3: processing indices 900929
memnet a=3: processing indices 930959
memnet a=3: processing indices 960981
Done reconstructing memnet at a=3 for subj2
memnet a=4: processing indices 029
memnet a=4: processing indices 3059
memnet a=4: processing indices 6089
memnet a=4: processing indices 90119
memnet a=4: processing indices 120149
memnet a=4: processing indices 150179
memnet a=4: processing indices 180209
memnet a=4: processing indices 210239
memnet a=4: processing indices 240269
memnet a=4: processing indices 270299
memnet a=4: processing indices 300329
memnet a=4: processing indices 330359
memnet a=4: processing indices 360389
memnet a=4: processing indices 390419
memnet a=4: processing indices 420449
memnet a=4: processing indices 450479
memnet a=4: processing indices 480509
memnet a=4: processing indices 510539
memnet a=4: processing indices 540569
memnet a=4: processing indices 570599
memnet a=4: processing indices 600629
memnet a=4: processing indices 630659
memnet a=4: processing indices 660689
memnet a=4: processing indices 690719
memnet a=4: processing indices 720749
memnet a=4: processing indices 750779
memnet a=4: processing indices 780809
memnet a=4: processing indices 810839
memnet a=4: processing indices 840869
memnet a=4: processing indices 870899
memnet a=4: processing indices 900929
memnet a=4: processing indices 930959
memnet a=4: processing indices 960981
Done reconstructing memnet at a=4 for subj2
All done for subject 2. Output at /home/rothermm/brain-diffuser/results/vdvae/subj02
