Libs imported
Model is Loading
Restoring ema vae from /home/rothermm/brain-diffuser/vdvae/model/imagenet64-iter-1600000-model-ema.th
0
30
60
90
120
150
180
210
240
270
300
330
360
390
420
450
480
510
540
570
600
630
660
690
720
750
780
810
840
870
900
930
960
emonet a=-3: processing indices 029
/home/rothermm/brain-diffuser/scripts/analysis/vdvae_reconstruct_images_thetas.py:209: DeprecationWarning: BILINEAR is deprecated and will be removed in Pillow 10 (2023-07-01). Use Resampling.BILINEAR instead.
  pil = pil.resize((512, 512), resample=Image.BILINEAR)
emonet a=-3: processing indices 3059
emonet a=-3: processing indices 6089
emonet a=-3: processing indices 90119
emonet a=-3: processing indices 120149
emonet a=-3: processing indices 150179
emonet a=-3: processing indices 180209
emonet a=-3: processing indices 210239
emonet a=-3: processing indices 240269
emonet a=-3: processing indices 270299
emonet a=-3: processing indices 300329
emonet a=-3: processing indices 330359
emonet a=-3: processing indices 360389
emonet a=-3: processing indices 390419
emonet a=-3: processing indices 420449
emonet a=-3: processing indices 450479
